TN:
SF:src/items.js
FNF:0
FNH:0
DA:3,1
LF:1
LH:1
BRF:0
BRH:0
end_of_record
TN:
SF:src/server.js
FNF:0
FNH:0
DA:2,1
DA:3,1
DA:4,1
DA:5,1
DA:7,1
DA:8,1
DA:10,1
LF:7
LH:7
BRF:0
BRH:0
end_of_record
TN:
SF:src/models/cart.js
FN:6,(anonymous_0)
FN:11,(anonymous_1)
FN:20,(anonymous_2)
FN:29,(anonymous_3)
FNF:4
FNH:4
FNDA:7,(anonymous_0)
FNDA:8,(anonymous_1)
FNDA:4,(anonymous_2)
FNDA:14,(anonymous_3)
DA:2,3
DA:7,7
DA:8,7
DA:12,8
DA:13,8
DA:14,6
DA:16,2
DA:21,4
DA:22,4
DA:23,4
DA:24,3
DA:30,14
DA:35,3
LF:13
LH:13
BRDA:13,0,0,6
BRDA:13,0,1,2
BRDA:21,1,0,4
BRDA:21,1,1,0
BRDA:23,2,0,3
BRDA:23,2,1,1
BRF:6
BRH:5
end_of_record
TN:
SF:src/models/carts.js
FN:7,(anonymous_0)
FN:15,(anonymous_1)
FNF:2
FNH:2
FNDA:5,(anonymous_0)
FNDA:7,(anonymous_1)
DA:2,2
DA:3,2
DA:8,5
DA:10,5
DA:12,5
DA:16,7
DA:21,2
LF:7
LH:7
BRF:0
BRH:0
end_of_record
TN:
SF:src/routes/cart.js
FN:6,(anonymous_0)
FN:15,(anonymous_1)
FN:26,(anonymous_2)
FN:37,(anonymous_3)
FN:49,getCartIdItemIdQuantityByRequest
FNF:5
FNH:5
FNDA:3,(anonymous_0)
FNDA:2,(anonymous_1)
FNDA:1,(anonymous_2)
FNDA:3,(anonymous_3)
FNDA:3,getCartIdItemIdQuantityByRequest
DA:2,1
DA:3,1
DA:4,1
DA:6,1
DA:7,3
DA:9,3
DA:15,1
DA:16,2
DA:17,2
DA:19,2
DA:21,2
DA:26,1
DA:27,1
DA:28,1
DA:30,1
DA:32,1
DA:37,1
DA:38,3
DA:39,3
DA:41,3
DA:47,1
DA:50,3
LF:22
LH:22
BRF:0
BRH:0
end_of_record
